<?xml version="1.0" encoding="UTF-8" ?>
<testsuite failures="0" time="0.156" errors="0" skipped="0" tests="9" name="com.condominio.domain.CategoriaIntegrationTest">
  <properties>
[...]
</properties>
  <testcase time="0" classname="com.condominio.domain.CategoriaIntegrationTest" name="testMarkerMethod"/>
  <testcase time="0.047" classname="com.condominio.domain.CategoriaIntegrationTest" name="testFlush"/>
  <testcase time="0.016" classname="com.condominio.domain.CategoriaIntegrationTest" name="testCountAllCategorias"/>
  <testcase time="0.015" classname="com.condominio.domain.CategoriaIntegrationTest" name="testFindCategoria"/>
  <testcase time="0.016" classname="com.condominio.domain.CategoriaIntegrationTest" name="testFindAllCategorias"/>
  <testcase time="0.015" classname="com.condominio.domain.CategoriaIntegrationTest" name="testFindCategoriaEntries"/>
  <testcase time="0.016" classname="com.condominio.domain.CategoriaIntegrationTest" name="testUpdateCategoriaUpdate"/>
  <testcase time="0.016" classname="com.condominio.domain.CategoriaIntegrationTest" name="testSaveCategoria"/>
  <testcase time="0.015" classname="com.condominio.domain.CategoriaIntegrationTest" name="testDeleteCategoria"/>
</testsuite>